This file contains any messages produced by compilers while
running configure, to aid debugging if configure makes a mistake.

It was created by configure, which was
generated by GNU Autoconf 2.59.  Invocation command line was

  $ /tmp/pear/cache/tidy-1.2/configure --with-tidy

## --------- ##
## Platform. ##
## --------- ##

hostname = dev.wikihow.com
uname -m = x86_64
uname -r = 2.6.9-42.EL
uname -s = Linux
uname -v = #1 Tue Aug 15 09:30:48 BST 2006

/usr/bin/uname -p = unknown
/bin/uname -X     = unknown

/bin/arch              = x86_64
/usr/bin/arch -k       = unknown
/usr/convex/getsysinfo = unknown
hostinfo               = unknown
/bin/machine           = unknown
/usr/bin/oslevel       = unknown
/bin/universe          = unknown

PATH: /usr/kerberos/sbin
PATH: /usr/kerberos/bin
PATH: /usr/local/sbin
PATH: /usr/local/bin
PATH: /sbin
PATH: /bin
PATH: /usr/sbin
PATH: /usr/bin
PATH: /usr/X11R6/bin
PATH: /root/bin
PATH: /usr/local/ant/bin


## ----------- ##
## Core tests. ##
## ----------- ##

configure:1486: checking for egrep
configure:1496: result: grep -E
configure:1501: checking for a sed that does not truncate output
configure:1555: result: /bin/sed
configure:1676: checking for gcc
configure:1692: found /usr/bin/gcc
configure:1702: result: gcc
configure:1946: checking for C compiler version
configure:1949: gcc --version </dev/null >&5
gcc (GCC) 3.4.6 20060404 (Red Hat 3.4.6-3)
Copyright (C) 2006 Free Software Foundation, Inc.
This is free software; see the source for copying conditions.  There is NO
warranty; not even for MERCHANTABILITY or FITNESS FOR A PARTICULAR PURPOSE.

configure:1952: $? = 0
configure:1954: gcc -v </dev/null >&5
Reading specs from /usr/lib/gcc/x86_64-redhat-linux/3.4.6/specs
Configured with: ../configure --prefix=/usr --mandir=/usr/share/man --infodir=/usr/share/info --enable-shared --enable-threads=posix --disable-checking --with-system-zlib --enable-__cxa_atexit --disable-libunwind-exceptions --enable-java-awt=gtk --host=x86_64-redhat-linux
Thread model: posix
gcc version 3.4.6 20060404 (Red Hat 3.4.6-3)
configure:1957: $? = 0
configure:1959: gcc -V </dev/null >&5
gcc: `-V' option must have argument
configure:1962: $? = 1
configure:1985: checking for C compiler default output file name
configure:1988: gcc    conftest.c  >&5
configure:1991: $? = 0
configure:2037: result: a.out
configure:2042: checking whether the C compiler works
configure:2048: ./a.out
configure:2051: $? = 0
configure:2068: result: yes
configure:2075: checking whether we are cross compiling
configure:2077: result: no
configure:2080: checking for suffix of executables
configure:2082: gcc -o conftest    conftest.c  >&5
configure:2085: $? = 0
configure:2110: result: 
configure:2116: checking for suffix of object files
configure:2137: gcc -c   conftest.c >&5
configure:2140: $? = 0
configure:2162: result: o
configure:2166: checking whether we are using the GNU C compiler
configure:2190: gcc -c   conftest.c >&5
configure:2196: $? = 0
configure:2200: test -z 
			 || test ! -s conftest.err
configure:2203: $? = 0
configure:2206: test -s conftest.o
configure:2209: $? = 0
configure:2222: result: yes
configure:2228: checking whether gcc accepts -g
configure:2249: gcc -c -g  conftest.c >&5
configure:2255: $? = 0
configure:2259: test -z 
			 || test ! -s conftest.err
configure:2262: $? = 0
configure:2265: test -s conftest.o
configure:2268: $? = 0
configure:2279: result: yes
configure:2296: checking for gcc option to accept ANSI C
configure:2366: gcc  -c -g -O2  conftest.c >&5
configure:2372: $? = 0
configure:2376: test -z 
			 || test ! -s conftest.err
configure:2379: $? = 0
configure:2382: test -s conftest.o
configure:2385: $? = 0
configure:2403: result: none needed
configure:2421: gcc -c -g -O2  conftest.c >&5
conftest.c:2: error: syntax error before "me"
configure:2427: $? = 1
configure: failed program was:
| #ifndef __cplusplus
|   choke me
| #endif
configure:2561: checking whether gcc and cc understand -c and -o together
configure:2591: gcc -c conftest.c -o conftest.o >&5
configure:2594: $? = 0
configure:2596: gcc -c conftest.c -o conftest.o >&5
configure:2599: $? = 0
configure:2606: cc -c conftest.c >&5
configure:2609: $? = 0
configure:2612: cc -c conftest.c -o conftest.o >&5
configure:2615: $? = 0
configure:2617: cc -c conftest.c -o conftest.o >&5
configure:2620: $? = 0
configure:2638: result: yes
configure:2654: checking for system library directory
configure:2672: result: lib
configure:2680: checking if compiler supports -R
configure:2704: gcc -o conftest -g -O2   conftest.c -R /usr/lib  >&5
gcc: unrecognized option `-R'
/usr/lib: file not recognized: Is a directory
collect2: ld returned 1 exit status
configure:2710: $? = 1
configure: failed program was:
| /* confdefs.h.  */
| 
| #define PACKAGE_NAME ""
| #define PACKAGE_TARNAME ""
| #define PACKAGE_VERSION ""
| #define PACKAGE_STRING ""
| #define PACKAGE_BUGREPORT ""
| /* end confdefs.h.  */
| 
| int
| main ()
| {
| 
|   ;
|   return 0;
| }
configure:2737: result: no
configure:2742: checking if compiler supports -Wl,-rpath,
configure:2766: gcc -o conftest -g -O2   conftest.c -Wl,-rpath,/usr/lib  >&5
configure:2772: $? = 0
configure:2776: test -z 
			 || test ! -s conftest.err
configure:2779: $? = 0
configure:2782: test -s conftest
configure:2785: $? = 0
configure:2799: result: yes
configure:2842: checking build system type
configure:2860: result: x86_64-unknown-linux-gnu
configure:2868: checking host system type
configure:2882: result: x86_64-unknown-linux-gnu
configure:2890: checking target system type
configure:2904: result: x86_64-unknown-linux-gnu
configure:3002: checking for PHP prefix
configure:3004: result: /usr/local
configure:3006: checking for PHP includes
configure:3008: result: -I/usr/local/include/php -I/usr/local/include/php/main -I/usr/local/include/php/TSRM -I/usr/local/include/php/Zend -I/usr/local/include/php/ext -I/usr/local/include/php/ext/date/lib
configure:3010: checking for PHP extension directory
configure:3012: result: /usr/local/lib/php/extensions/no-debug-non-zts-20060613
configure:3014: checking for PHP installed headers prefix
configure:3016: result: /usr/local/include/php
configure:3060: checking for re2c
configure:3089: result: no
configure:3113: WARNING: You will need re2c 0.12.0 or later if you want to regenerate PHP parsers.
configure:3127: checking for gawk
configure:3144: found /bin/gawk
configure:3154: result: gawk
configure:3201: checking for TIDY support
configure:3244: result: yes, shared
configure:3549: error: Cannot find libtidy

## ---------------- ##
## Cache variables. ##
## ---------------- ##

ac_cv_build=x86_64-unknown-linux-gnu
ac_cv_build_alias=x86_64-unknown-linux-gnu
ac_cv_c_compiler_gnu=yes
ac_cv_env_CC_set=
ac_cv_env_CC_value=
ac_cv_env_CFLAGS_set=
ac_cv_env_CFLAGS_value=
ac_cv_env_CPPFLAGS_set=
ac_cv_env_CPPFLAGS_value=
ac_cv_env_CPP_set=
ac_cv_env_CPP_value=
ac_cv_env_CXXCPP_set=
ac_cv_env_CXXCPP_value=
ac_cv_env_LDFLAGS_set=
ac_cv_env_LDFLAGS_value=
ac_cv_env_build_alias_set=
ac_cv_env_build_alias_value=
ac_cv_env_host_alias_set=
ac_cv_env_host_alias_value=
ac_cv_env_target_alias_set=
ac_cv_env_target_alias_value=
ac_cv_exeext=
ac_cv_host=x86_64-unknown-linux-gnu
ac_cv_host_alias=x86_64-unknown-linux-gnu
ac_cv_objext=o
ac_cv_prog_AWK=gawk
ac_cv_prog_ac_ct_CC=gcc
ac_cv_prog_cc_g=yes
ac_cv_prog_cc_gcc_c_o=yes
ac_cv_prog_cc_stdc=
ac_cv_prog_egrep='grep -E'
ac_cv_target=x86_64-unknown-linux-gnu
ac_cv_target_alias=x86_64-unknown-linux-gnu
lt_cv_path_SED=/bin/sed
php_cv_cc_dashr=no
php_cv_cc_rpath=yes

## ----------------- ##
## Output variables. ##
## ----------------- ##

AR=''
AWK='gawk'
CC='gcc'
CFLAGS='-g -O2'
CONFIGURE_COMMAND=' '/tmp/pear/cache/tidy-1.2/configure'  '--with-tidy''
CONFIGURE_OPTIONS=' '--with-tidy''
CPP=''
CPPFLAGS=''
CXXCPP=''
DEFS=''
ECHO='echo'
ECHO_C=''
ECHO_N='-n'
ECHO_T=''
EGREP='grep -E'
EXEEXT=''
LDFLAGS=''
LIBOBJS=''
LIBS=''
LIBTOOL=''
LN_S=''
LTLIBOBJS=''
OBJEXT='o'
PACKAGE_BUGREPORT=''
PACKAGE_NAME=''
PACKAGE_STRING=''
PACKAGE_TARNAME=''
PACKAGE_VERSION=''
PATH_SEPARATOR=':'
RANLIB=''
RE2C='exit 0;'
SED='/bin/sed'
SHELL='/bin/sh'
SHLIB_DL_SUFFIX_NAME='so'
SHLIB_SUFFIX_NAME='so'
STRIP=''
ac_ct_AR=''
ac_ct_CC='gcc'
ac_ct_RANLIB=''
ac_ct_STRIP=''
bindir='${exec_prefix}/bin'
build='x86_64-unknown-linux-gnu'
build_alias=''
build_cpu='x86_64'
build_os='linux-gnu'
build_vendor='unknown'
datadir='${prefix}/share'
exec_prefix='NONE'
host='x86_64-unknown-linux-gnu'
host_alias='x86_64-unknown-linux-gnu'
host_cpu='x86_64'
host_os='linux-gnu'
host_vendor='unknown'
includedir='${prefix}/include'
infodir='${prefix}/info'
libdir='${exec_prefix}/lib'
libexecdir='${exec_prefix}/libexec'
localstatedir='${prefix}/var'
mandir='${prefix}/man'
oldincludedir='/usr/include'
prefix='/usr/local'
program_transform_name='s,x,x,'
sbindir='${exec_prefix}/sbin'
sharedstatedir='${prefix}/com'
sysconfdir='${prefix}/etc'
target='x86_64-unknown-linux-gnu'
target_alias=''
target_cpu='x86_64'
target_os='linux-gnu'
target_vendor='unknown'

## ----------- ##
## confdefs.h. ##
## ----------- ##

#define COMPILE_DL_TIDY 1
#define PACKAGE_BUGREPORT ""
#define PACKAGE_NAME ""
#define PACKAGE_STRING ""
#define PACKAGE_TARNAME ""
#define PACKAGE_VERSION ""

configure: exit 1
